# JRE version: OpenJDK Runtime Environment (23.0.1+11) (build 23.0.1+11-39)
# Java VM: OpenJDK 64-Bit Server VM (23.0.1+11-39, mixed mode, sharing, tiered, compressed oops, compressed class ptrs, g1 gc, windows-amd64)
GC Precious Log:
 CardTable entry size: 512
 Card Set container configuration: InlinePtr #cards 5 size 8 Array Of Cards #cards 10 size 36 Howl #buckets 4 coarsen threshold 1843 Howl Bitmap #cards 512 size 80 coarsen threshold 460 Card regions per heap region 1 cards per card region 2048
 CPUs: 4 total, 4 available
 Memory: 8067M
 Large Page Support: Disabled
 NUMA Support: Disabled
 Compressed Oops: Enabled (32-bit)
 Heap Region Size: 1M
 Heap Min Capacity: 8M
 Heap Initial Capacity: 128M
 Heap Max Capacity: 2018M
 Pre-touch: Disabled
 Parallel Workers: 4
 Concurrent Workers: 1
 Concurrent Refinement Workers: 4
 Periodic GC: Disabled
Heap:
 garbage-first heap   total reserved 2066432K, committed 109568K, used 82686K [0x0000000081e00000, 0x0000000100000000)
  region size 1024K, 23 young (23552K), 2 survivors (2048K)
 Metaspace       used 49125K, committed 49856K, reserved 1114112K
  class space    used 6800K, committed 7104K, reserved 1048576K
GC Heap History (20 events):
Event: 127.482 GC heap before
{Heap before GC invocations=24 (full 0):
 garbage-first heap   total reserved 2066432K, committed 80896K, used 68888K [0x0000000081e00000, 0x0000000100000000)
  region size 1024K, 22 young (22528K), 3 survivors (3072K)
 Metaspace       used 46024K, committed 46720K, reserved 1114112K
  class space    used 6265K, committed 6592K, reserved 1048576K
}
Event: 127.491 GC heap after
{Heap after GC invocations=25 (full 0):
 garbage-first heap   total reserved 2066432K, committed 80896K, used 51009K [0x0000000081e00000, 0x0000000100000000)
  region size 1024K, 3 young (3072K), 3 survivors (3072K)
 Metaspace       used 46024K, committed 46720K, reserved 1114112K
  class space    used 6265K, committed 6592K, reserved 1048576K
}
Event: 147.342 GC heap before
{Heap before GC invocations=25 (full 0):
 garbage-first heap   total reserved 2066432K, committed 80896K, used 70465K [0x0000000081e00000, 0x0000000100000000)
  region size 1024K, 22 young (22528K), 3 survivors (3072K)
 Metaspace       used 46496K, committed 47168K, reserved 1114112K
  class space    used 6352K, committed 6656K, reserved 1048576K
}
Event: 147.350 GC heap after
{Heap after GC invocations=26 (full 0):
 garbage-first heap   total reserved 2066432K, committed 80896K, used 53980K [0x0000000081e00000, 0x0000000100000000)
  region size 1024K, 3 young (3072K), 3 survivors (3072K)
 Metaspace       used 46496K, committed 47168K, reserved 1114112K
  class space    used 6352K, committed 6656K, reserved 1048576K
}
Event: 253.612 GC heap before
{Heap before GC invocations=27 (full 0):
 garbage-first heap   total reserved 2066432K, committed 91136K, used 71388K [0x0000000081e00000, 0x0000000100000000)
  region size 1024K, 20 young (20480K), 3 survivors (3072K)
 Metaspace       used 46537K, committed 47232K, reserved 1114112K
  class space    used 6352K, committed 6656K, reserved 1048576K
}
Event: 253.624 GC heap after
{Heap after GC invocations=28 (full 0):
 garbage-first heap   total reserved 2066432K, committed 91136K, used 54349K [0x0000000081e00000, 0x0000000100000000)
  region size 1024K, 1 young (1024K), 1 survivors (1024K)
 Metaspace       used 46537K, committed 47232K, reserved 1114112K
  class space    used 6352K, committed 6656K, reserved 1048576K
}
Event: 458.037 GC heap before
{Heap before GC invocations=28 (full 0):
 garbage-first heap   total reserved 2066432K, committed 91136K, used 79949K [0x0000000081e00000, 0x0000000100000000)
  region size 1024K, 26 young (26624K), 1 survivors (1024K)
 Metaspace       used 46786K, committed 47488K, reserved 1114112K
  class space    used 6406K, committed 6720K, reserved 1048576K
}
Event: 458.070 GC heap after
{Heap after GC invocations=29 (full 0):
 garbage-first heap   total reserved 2066432K, committed 91136K, used 48010K [0x0000000081e00000, 0x0000000100000000)
  region size 1024K, 1 young (1024K), 1 survivors (1024K)
 Metaspace       used 46786K, committed 47488K, reserved 1114112K
  class space    used 6406K, committed 6720K, reserved 1048576K
}
Event: 744.102 GC heap before
{Heap before GC invocations=29 (full 0):
 garbage-first heap   total reserved 2066432K, committed 91136K, used 79754K [0x0000000081e00000, 0x0000000100000000)
  region size 1024K, 32 young (32768K), 1 survivors (1024K)
 Metaspace       used 47410K, committed 48064K, reserved 1114112K
  class space    used 6517K, committed 6784K, reserved 1048576K
}
Event: 744.109 GC heap after
{Heap after GC invocations=30 (full 0):
 garbage-first heap   total reserved 2066432K, committed 91136K, used 48776K [0x0000000081e00000, 0x0000000100000000)
  region size 1024K, 2 young (2048K), 2 survivors (2048K)
 Metaspace       used 47410K, committed 48064K, reserved 1114112K
  class space    used 6517K, committed 6784K, reserved 1048576K
}
Event: 748.203 GC heap before
{Heap before GC invocations=31 (full 0):
 garbage-first heap   total reserved 2066432K, committed 91136K, used 81544K [0x0000000081e00000, 0x0000000100000000)
  region size 1024K, 34 young (34816K), 2 survivors (2048K)
 Metaspace       used 48208K, committed 48896K, reserved 1114112K
  class space    used 6680K, committed 6976K, reserved 1048576K
}
Event: 748.226 GC heap after
{Heap after GC invocations=32 (full 0):
 garbage-first heap   total reserved 2066432K, committed 93184K, used 57714K [0x0000000081e00000, 0x0000000100000000)
  region size 1024K, 5 young (5120K), 5 survivors (5120K)
 Metaspace       used 48208K, committed 48896K, reserved 1114112K
  class space    used 6680K, committed 6976K, reserved 1048576K
}
Event: 753.336 GC heap before
{Heap before GC invocations=32 (full 0):
 garbage-first heap   total reserved 2066432K, committed 93184K, used 81266K [0x0000000081e00000, 0x0000000100000000)
  region size 1024K, 28 young (28672K), 5 survivors (5120K)
 Metaspace       used 48467K, committed 49152K, reserved 1114112K
  class space    used 6689K, committed 6976K, reserved 1048576K
}
Event: 753.357 GC heap after
{Heap after GC invocations=33 (full 0):
 garbage-first heap   total reserved 2066432K, committed 94208K, used 61632K [0x0000000081e00000, 0x0000000100000000)
  region size 1024K, 4 young (4096K), 4 survivors (4096K)
 Metaspace       used 48467K, committed 49152K, reserved 1114112K
  class space    used 6689K, committed 6976K, reserved 1048576K
}
Event: 754.908 GC heap before
{Heap before GC invocations=33 (full 0):
 garbage-first heap   total reserved 2066432K, committed 94208K, used 72896K [0x0000000081e00000, 0x0000000100000000)
  region size 1024K, 16 young (16384K), 4 survivors (4096K)
 Metaspace       used 48636K, committed 49344K, reserved 1114112K
  class space    used 6714K, committed 7040K, reserved 1048576K
}
Event: 754.915 GC heap after
{Heap after GC invocations=34 (full 0):
 garbage-first heap   total reserved 2066432K, committed 94208K, used 64287K [0x0000000081e00000, 0x0000000100000000)
  region size 1024K, 3 young (3072K), 3 survivors (3072K)
 Metaspace       used 48636K, committed 49344K, reserved 1114112K
  class space    used 6714K, committed 7040K, reserved 1048576K
}
Event: 758.191 GC heap before
{Heap before GC invocations=35 (full 0):
 garbage-first heap   total reserved 2066432K, committed 109568K, used 83743K [0x0000000081e00000, 0x0000000100000000)
  region size 1024K, 22 young (22528K), 3 survivors (3072K)
 Metaspace       used 48798K, committed 49472K, reserved 1114112K
  class space    used 6730K, committed 7040K, reserved 1048576K
}
Event: 758.202 GC heap after
{Heap after GC invocations=36 (full 0):
 garbage-first heap   total reserved 2066432K, committed 109568K, used 66265K [0x0000000081e00000, 0x0000000100000000)
  region size 1024K, 3 young (3072K), 3 survivors (3072K)
 Metaspace       used 48798K, committed 49472K, reserved 1114112K
  class space    used 6730K, committed 7040K, reserved 1048576K
}
Event: 837.516 GC heap before
{Heap before GC invocations=36 (full 0):
 garbage-first heap   total reserved 2066432K, committed 109568K, used 93913K [0x0000000081e00000, 0x0000000100000000)
  region size 1024K, 30 young (30720K), 3 survivors (3072K)
 Metaspace       used 48900K, committed 49600K, reserved 1114112K
  class space    used 6744K, committed 7040K, reserved 1048576K
}
Event: 837.526 GC heap after
{Heap after GC invocations=37 (full 0):
 garbage-first heap   total reserved 2066432K, committed 109568K, used 59134K [0x0000000081e00000, 0x0000000100000000)
  region size 1024K, 2 young (2048K), 2 survivors (2048K)
 Metaspace       used 48900K, committed 49600K, reserved 1114112K
  class space    used 6744K, committed 7040K, reserved 1048576K
}

